<?xml version="1.0" encoding="utf-8"?>
<test-run id="2" testcasecount="12" result="Passed" total="12" passed="12" failed="0" inconclusive="0" skipped="0" asserts="0" engine-version="3.5.0.0" clr-version="4.0.30319.42000" start-time="2026-05-20 05:08:09Z" end-time="2026-05-20 05:08:09Z" duration="0.254331">
  <test-suite type="TestSuite" id="1000" name="unity" fullname="unity" runstate="Runnable" testcasecount="12" result="Passed" start-time="2026-05-20 05:08:09Z" end-time="2026-05-20 05:08:09Z" duration="0.254331" total="12" passed="12" failed="0" inconclusive="0" skipped="0" asserts="0">
    <properties>
      <property name="platform" value="EditMode" />
    </properties>
    <test-suite type="Assembly" id="1015" name="Assembly-CSharp-Editor.dll" fullname="C:/Source/Unity/SpaceTraders-Unity/clients/unity/Library/ScriptAssemblies/Assembly-CSharp-Editor.dll" runstate="Runnable" testcasecount="12" result="Passed" start-time="2026-05-20 05:08:09Z" end-time="2026-05-20 05:08:09Z" duration="0.243019" total="12" passed="12" failed="0" inconclusive="0" skipped="0" asserts="0">
      <properties>
        <property name="_PID" value="52264" />
        <property name="_APPDOMAIN" value="Unity Child Domain" />
        <property name="platform" value="EditMode" />
        <property name="EditorOnly" value="True" />
      </properties>
      <test-suite type="TestSuite" id="1016" name="SpaceTraders" fullname="SpaceTraders" runstate="Runnable" testcasecount="12" result="Passed" start-time="2026-05-20 05:08:09Z" end-time="2026-05-20 05:08:09Z" duration="0.241818" total="12" passed="12" failed="0" inconclusive="0" skipped="0" asserts="0">
        <properties />
        <test-suite type="TestSuite" id="1017" name="Tests" fullname="SpaceTraders.Tests" runstate="Runnable" testcasecount="12" result="Passed" start-time="2026-05-20 05:08:09Z" end-time="2026-05-20 05:08:09Z" duration="0.241192" total="12" passed="12" failed="0" inconclusive="0" skipped="0" asserts="0">
          <properties />
          <test-suite type="TestFixture" id="1001" name="AuthManagerTests" fullname="SpaceTraders.Tests.AuthManagerTests" classname="SpaceTraders.Tests.AuthManagerTests" runstate="Runnable" testcasecount="8" result="Passed" start-time="2026-05-20 05:08:09Z" end-time="2026-05-20 05:08:09Z" duration="0.091104" total="8" passed="8" failed="0" inconclusive="0" skipped="0" asserts="0">
            <properties />
            <test-case id="1008" name="AuthManager_ClearTokens_ClearsState" fullname="SpaceTraders.Tests.AuthManagerTests.AuthManager_ClearTokens_ClearsState" methodname="AuthManager_ClearTokens_ClearsState" classname="SpaceTraders.Tests.AuthManagerTests" runstate="Runnable" seed="1095032499" result="Passed" start-time="2026-05-20 05:08:09Z" end-time="2026-05-20 05:08:09Z" duration="0.039846" asserts="0">
              <properties>
                <property name="retryIteration" value="0" />
                <property name="repeatIteration" value="0" />
              </properties>
              <output><![CDATA[[AuthManager] Token saved and encrypted: EXISTS
]]></output>
            </test-case>
            <test-case id="1009" name="AuthManager_HandleTokenUnauthorized_FiresEvent" fullname="SpaceTraders.Tests.AuthManagerTests.AuthManager_HandleTokenUnauthorized_FiresEvent" methodname="AuthManager_HandleTokenUnauthorized_FiresEvent" classname="SpaceTraders.Tests.AuthManagerTests" runstate="Runnable" seed="1474092778" result="Passed" start-time="2026-05-20 05:08:09Z" end-time="2026-05-20 05:08:09Z" duration="0.003868" asserts="0">
              <properties>
                <property name="retryIteration" value="0" />
                <property name="repeatIteration" value="0" />
              </properties>
              <output><![CDATA[[AuthManager] Token saved and encrypted: EXISTS
]]></output>
            </test-case>
            <test-case id="1006" name="AuthManager_InitialState_IsUnknown" fullname="SpaceTraders.Tests.AuthManagerTests.AuthManager_InitialState_IsUnknown" methodname="AuthManager_InitialState_IsUnknown" classname="SpaceTraders.Tests.AuthManagerTests" runstate="Runnable" seed="2071840946" result="Passed" start-time="2026-05-20 05:08:09Z" end-time="2026-05-20 05:08:09Z" duration="0.002888" asserts="0">
              <properties>
                <property name="retryIteration" value="0" />
                <property name="repeatIteration" value="0" />
              </properties>
            </test-case>
            <test-case id="1007" name="AuthManager_SaveToken_SavesAndDecrypts" fullname="SpaceTraders.Tests.AuthManagerTests.AuthManager_SaveToken_SavesAndDecrypts" methodname="AuthManager_SaveToken_SavesAndDecrypts" classname="SpaceTraders.Tests.AuthManagerTests" runstate="Runnable" seed="1061339681" result="Passed" start-time="2026-05-20 05:08:09Z" end-time="2026-05-20 05:08:09Z" duration="0.009286" asserts="0">
              <properties>
                <property name="retryIteration" value="0" />
                <property name="repeatIteration" value="0" />
              </properties>
              <output><![CDATA[[AuthManager] Token saved and encrypted: EXISTS
[AuthManager] Token loaded and decrypted: EXISTS (State: Valid)
]]></output>
            </test-case>
            <test-case id="1004" name="SecureTokenStorage_DecryptCorruptedString_ReturnsEmpty" fullname="SpaceTraders.Tests.AuthManagerTests.SecureTokenStorage_DecryptCorruptedString_ReturnsEmpty" methodname="SecureTokenStorage_DecryptCorruptedString_ReturnsEmpty" classname="SpaceTraders.Tests.AuthManagerTests" runstate="Runnable" seed="464739237" result="Passed" start-time="2026-05-20 05:08:09Z" end-time="2026-05-20 05:08:09Z" duration="0.004450" asserts="0">
              <properties>
                <property name="retryIteration" value="0" />
                <property name="repeatIteration" value="0" />
              </properties>
              <output><![CDATA[[SecureTokenStorage] Decryption failed: The input is not a valid Base-64 string as it contains a non-base 64 character, more than two padding characters, or an illegal character among the padding characters.
]]></output>
            </test-case>
            <test-case id="1005" name="SecureTokenStorage_DecryptInvalidIV_ReturnsEmpty" fullname="SpaceTraders.Tests.AuthManagerTests.SecureTokenStorage_DecryptInvalidIV_ReturnsEmpty" methodname="SecureTokenStorage_DecryptInvalidIV_ReturnsEmpty" classname="SpaceTraders.Tests.AuthManagerTests" runstate="Runnable" seed="971415082" result="Passed" start-time="2026-05-20 05:08:09Z" end-time="2026-05-20 05:08:09Z" duration="0.002337" asserts="0">
              <properties>
                <property name="retryIteration" value="0" />
                <property name="repeatIteration" value="0" />
              </properties>
              <output><![CDATA[[SecureTokenStorage] Cipher text is too short to contain IV.
]]></output>
            </test-case>
            <test-case id="1002" name="SecureTokenStorage_EncryptDecrypt_Success" fullname="SpaceTraders.Tests.AuthManagerTests.SecureTokenStorage_EncryptDecrypt_Success" methodname="SecureTokenStorage_EncryptDecrypt_Success" classname="SpaceTraders.Tests.AuthManagerTests" runstate="Runnable" seed="356147996" result="Passed" start-time="2026-05-20 05:08:09Z" end-time="2026-05-20 05:08:09Z" duration="0.001373" asserts="0">
              <properties>
                <property name="retryIteration" value="0" />
                <property name="repeatIteration" value="0" />
              </properties>
            </test-case>
            <test-case id="1003" name="SecureTokenStorage_EncryptEmptyString_ReturnsEmpty" fullname="SpaceTraders.Tests.AuthManagerTests.SecureTokenStorage_EncryptEmptyString_ReturnsEmpty" methodname="SecureTokenStorage_EncryptEmptyString_ReturnsEmpty" classname="SpaceTraders.Tests.AuthManagerTests" runstate="Runnable" seed="1091692464" result="Passed" start-time="2026-05-20 05:08:09Z" end-time="2026-05-20 05:08:09Z" duration="0.001158" asserts="0">
              <properties>
                <property name="retryIteration" value="0" />
                <property name="repeatIteration" value="0" />
              </properties>
            </test-case>
          </test-suite>
          <test-suite type="TestFixture" id="1010" name="DatabaseManagerTests" fullname="SpaceTraders.Tests.DatabaseManagerTests" classname="SpaceTraders.Tests.DatabaseManagerTests" runstate="Runnable" testcasecount="4" result="Passed" start-time="2026-05-20 05:08:09Z" end-time="2026-05-20 05:08:09Z" duration="0.148243" total="4" passed="4" failed="0" inconclusive="0" skipped="0" asserts="0">
            <properties />
            <test-case id="1013" name="ClearCache_EmptiesAllTables" fullname="SpaceTraders.Tests.DatabaseManagerTests.ClearCache_EmptiesAllTables" methodname="ClearCache_EmptiesAllTables" classname="SpaceTraders.Tests.DatabaseManagerTests" runstate="Runnable" seed="2020368498" result="Passed" start-time="2026-05-20 05:08:09Z" end-time="2026-05-20 05:08:09Z" duration="0.086615" asserts="0">
              <properties>
                <property name="retryIteration" value="0" />
                <property name="repeatIteration" value="0" />
              </properties>
              <output><![CDATA[[DatabaseManager] Connecting to C:/Users/togus/AppData/LocalLow/DefaultCompany/unity\spacetraders_v2.db
[DatabaseManager] SQLite initialized successfully.
[DatabaseManager] All cached data cleared.
[DatabaseManager] All cached data cleared.
[DatabaseManagerTests] Restore backup failed: The process cannot access the file 'C:\Users\togus\AppData\LocalLow\DefaultCompany\unity\spacetraders_v2.db' because it is being used by another process.
]]></output>
            </test-case>
            <test-case id="1012" name="GetCache_Expired_ReturnsNull" fullname="SpaceTraders.Tests.DatabaseManagerTests.GetCache_Expired_ReturnsNull" methodname="GetCache_Expired_ReturnsNull" classname="SpaceTraders.Tests.DatabaseManagerTests" runstate="Runnable" seed="2051700307" result="Passed" start-time="2026-05-20 05:08:09Z" end-time="2026-05-20 05:08:09Z" duration="0.017669" asserts="0">
              <properties>
                <property name="retryIteration" value="0" />
                <property name="repeatIteration" value="0" />
              </properties>
              <output><![CDATA[[DatabaseManager] Connecting to C:/Users/togus/AppData/LocalLow/DefaultCompany/unity\spacetraders_v2.db
[DatabaseManager] SQLite initialized successfully.
[DatabaseManager] All cached data cleared.
[DatabaseManagerTests] Restore backup failed: The process cannot access the file 'C:\Users\togus\AppData\LocalLow\DefaultCompany\unity\spacetraders_v2.db' because it is being used by another process.
]]></output>
            </test-case>
            <test-case id="1011" name="SetAndGetCache_Success" fullname="SpaceTraders.Tests.DatabaseManagerTests.SetAndGetCache_Success" methodname="SetAndGetCache_Success" classname="SpaceTraders.Tests.DatabaseManagerTests" runstate="Runnable" seed="478448498" result="Passed" start-time="2026-05-20 05:08:09Z" end-time="2026-05-20 05:08:09Z" duration="0.018718" asserts="0">
              <properties>
                <property name="retryIteration" value="0" />
                <property name="repeatIteration" value="0" />
              </properties>
              <output><![CDATA[[DatabaseManager] Connecting to C:/Users/togus/AppData/LocalLow/DefaultCompany/unity\spacetraders_v2.db
[DatabaseManager] SQLite initialized successfully.
[DatabaseManager] All cached data cleared.
[DatabaseManagerTests] Restore backup failed: The process cannot access the file 'C:\Users\togus\AppData\LocalLow\DefaultCompany\unity\spacetraders_v2.db' because it is being used by another process.
]]></output>
            </test-case>
            <test-case id="1014" name="StoreAndQuerySystems_BulkTransaction_Success" fullname="SpaceTraders.Tests.DatabaseManagerTests.StoreAndQuerySystems_BulkTransaction_Success" methodname="StoreAndQuerySystems_BulkTransaction_Success" classname="SpaceTraders.Tests.DatabaseManagerTests" runstate="Runnable" seed="198882001" result="Passed" start-time="2026-05-20 05:08:09Z" end-time="2026-05-20 05:08:09Z" duration="0.022493" asserts="0">
              <properties>
                <property name="retryIteration" value="0" />
                <property name="repeatIteration" value="0" />
              </properties>
              <output><![CDATA[[DatabaseManager] Connecting to C:/Users/togus/AppData/LocalLow/DefaultCompany/unity\spacetraders_v2.db
[DatabaseManager] SQLite initialized successfully.
[DatabaseManager] All cached data cleared.
[DatabaseManagerTests] Restore backup failed: The process cannot access the file 'C:\Users\togus\AppData\LocalLow\DefaultCompany\unity\spacetraders_v2.db' because it is being used by another process.
Saving results to: C:/Users/togus/AppData/LocalLow/DefaultCompany/unity\TestResults.xml
]]></output>
            </test-case>
          </test-suite>
        </test-suite>
      </test-suite>
    </test-suite>
  </test-suite>
</test-run>